<?xml version="1.0" encoding="UTF-8"?>
<!-- Generated by org.testng.reporters.JUnitReportReporter -->
<testsuite hostname="Girish-Chavan" name="pkgartopt.helloworld" tests="1" failures="0" timestamp="13 Jul 2016 02:37:33 GMT" time="0.034" errors="0">
  <testcase name="testAllLinks" time="0.034" classname="pkgartopt.helloworld"/>
</testsuite> <!-- pkgartopt.helloworld -->
